C51 COMPILER V9.60.7.0   MAIN                                                              11/13/2023 22:16:30 PAGE 1   


C51 COMPILER V9.60.7.0, COMPILATION OF MODULE MAIN
OBJECT MODULE PLACED IN .\Objects\main.obj
COMPILER INVOKED BY: D:\Programs\Keil_v5\C51\BIN\C51.EXE main.c OPTIMIZE(8,SPEED) BROWSE DEBUG OBJECTEXTEND PRINT(.\List
                    -ings\main.lst) TABS(2) OBJECT(.\Objects\main.obj)

line level    source

   1          #include <REGX52.H>
   2          #include "Delay.h"
   3          #include "Timer0.h"
   4          
   5          #define uchar unsigned char
   6          #define uint unsigned int
   7          
   8          sbit DA = P2 ^ 1;
   9          
  10          uchar Count = 0, Criterion = 0;
  11          uchar i;
  12          
  13          void Timer0_Rountine() interrupt 1
  14          {
  15   1          TL0 = TIMS;
  16   1          TH0 = TIMS >> 8;
  17   1          Count++;
  18   1          Count %= 100;
  19   1      
  20   1          if (Count < Criterion)
  21   1          {
  22   2              DA = 1;
  23   2          }
  24   1          else
  25   1              DA = 0;
  26   1      }
  27          
  28          void main()
  29          {
  30   1        //uchar i;
  31   1          Timer0_Init();
  32   1          while (1)
  33   1          {
  34   2            for(i = 0; i < 100; i++)
  35   2            {
  36   3              Criterion = i;
  37   3              Delay(10);
  38   3            } 
  39   2            for(i = 100;i > 0;i--)
  40   2            {
  41   3              Criterion = i;
  42   3              Delay(10);
  43   3            }
  44   2          }
  45   1      }


MODULE INFORMATION:   STATIC OVERLAYABLE
   CODE SIZE        =     92    ----
   CONSTANT SIZE    =   ----    ----
   XDATA SIZE       =   ----    ----
   PDATA SIZE       =   ----    ----
   DATA SIZE        =      3    ----
   IDATA SIZE       =   ----    ----
C51 COMPILER V9.60.7.0   MAIN                                                              11/13/2023 22:16:30 PAGE 2   

   BIT SIZE         =   ----    ----
END OF MODULE INFORMATION.


C51 COMPILATION COMPLETE.  0 WARNING(S),  0 ERROR(S)
