*** Using Compiler 'V5.06 update 7 (build 960)', folder: 'D:\Program Files\Keil_v5\ARM\ARMCC\Bin'
Rebuild target 'LED'
assembling startup_stm32f103xe.s...
compiling main.c...
compiling system_stm32f1xx.c...
compiling stm32f1xx_hal_cortex.c...
compiling delay.c...
compiling usart.c...
compiling sys.c...
compiling stm32f1xx_hal_gpio.c...
compiling led.c...
compiling stm32f1xx_hal_gpio_ex.c...
compiling stm32f1xx_hal_usart.c...
compiling stm32f1xx_hal.c...
compiling stm32f1xx_hal_rcc.c...
compiling stm32f1xx_it.c...
compiling stm32f1xx_hal_rcc_ex.c...
compiling stm32f1xx_hal_uart.c...
compiling stm32f1xx_hal_dma.c...
compiling exti.c...
linking...
Program Size: Code=5486 RO-data=362 RW-data=28 ZI-data=1900  
FromELF: creating hex file...
"..\..\Output\atk_f103.axf" - 0 Error(s), 0 Warning(s).
Build Time Elapsed:  00:00:07
