C51 COMPILER V9.60.7.0   CLOCK                                                             01/28/2023 12:37:42 PAGE 1   


C51 COMPILER V9.60.7.0, COMPILATION OF MODULE CLOCK
OBJECT MODULE PLACED IN .\Objects\clock.obj
COMPILER INVOKED BY: Z:\buyaobilian\keil_v5\C51\BIN\C51.EXE clock.c OPTIMIZE(8,SPEED) BROWSE DEBUG OBJECTEXTEND PRINT(.\
                    -Listings\clock.lst) TABS(2) OBJECT(.\Objects\clock.obj)

line level    source

   1          #include <REGX52.H>
   2          #include "Timer0.h"
   3          #include "lcd1602.h"
   4          #include <Delay.h>
   5          
   6          unsigned char Second = 55,Mintue = 59,Hour = 23;
   7          
   8          void Timer0_Rountine() interrupt 1//中断函数不宜执行过长任务
   9          {
  10   1        static unsigned int T0Count;
  11   1        TL0 = 0x18;       //设置定时初始值
  12   1        TH0 = 0xFC;       //设置定时初始值
  13   1        T0Count++;
  14   1        if(T0Count >= 1000)
  15   1        {
  16   2          T0Count = 0;
  17   2          Second++;
  18   2          if(Second >= 60)
  19   2          {
  20   3            Second = 0;
  21   3            Mintue++;
  22   3            if(Mintue >= 60)
  23   3            {
  24   4              Mintue = 0;
  25   4              Hour++;
  26   4              if(Hour >= 24)  Hour = 0;
  27   4            }
  28   3          }
  29   2        }
  30   1      }
  31          
  32          void main()
  33          {
  34   1        LCD_Init();
  35   1        Timer0Init();
  36   1      
  37   1        LCD_ShowString(1,1,"hello_clock:");
  38   1        LCD_ShowString(2,3,":  :");
  39   1      
  40   1        while(1)
  41   1        {
  42   2          LCD_ShowNum(2,1,Hour,2);
  43   2          LCD_ShowNum(2,4,Mintue,2);
  44   2          LCD_ShowNum(2,7,Second,2);
  45   2        }
  46   1      }


MODULE INFORMATION:   STATIC OVERLAYABLE
   CODE SIZE        =    150    ----
   CONSTANT SIZE    =     18    ----
   XDATA SIZE       =   ----    ----
   PDATA SIZE       =   ----    ----
   DATA SIZE        =      5    ----
C51 COMPILER V9.60.7.0   CLOCK                                                             01/28/2023 12:37:42 PAGE 2   

   IDATA SIZE       =   ----    ----
   BIT SIZE         =   ----    ----
END OF MODULE INFORMATION.


C51 COMPILATION COMPLETE.  0 WARNING(S),  0 ERROR(S)
