C51 COMPILER V9.60.7.0   KEY                                                               01/17/2023 10:52:49 PAGE 1   


C51 COMPILER V9.60.7.0, COMPILATION OF MODULE KEY
OBJECT MODULE PLACED IN .\Objects\key.obj
COMPILER INVOKED BY: Z:\buyaobilian\Keil_v5\C51\BIN\C51.EXE key.c OPTIMIZE(8,SPEED) BROWSE DEBUG OBJECTEXTEND PRINT(.\Li
                    -stings\key.lst) TABS(2) OBJECT(.\Objects\key.obj)

line level    source

   1          #include <REGX52.H>
   2          #include <Delay.h>
   3          /*
   4            *  @brief   获取独立按键键码
   5            *  @param   无
   6            *  @retva   按键范围0~4
   7            */
   8          
   9          unsigned char key()
  10          {
  11   1        unsigned char keynum = 0;
  12   1        
  13   1        if (P3_1 == 0) {Delay(5);while(P3_1 == 0) ; Delay(5);keynum = 1;}
  14   1        if (P3_0 == 0) {Delay(5);while(P3_0 == 0) ; Delay(5);keynum = 2;}
  15   1        if (P3_2 == 0) {Delay(5);while(P3_2 == 0) ; Delay(5);keynum = 3;}
  16   1        if (P3_3 == 0) {Delay(5);while(P3_3 == 0) ; Delay(5);keynum = 4;}
  17   1        
  18   1        
  19   1        return keynum;
  20   1      }


MODULE INFORMATION:   STATIC OVERLAYABLE
   CODE SIZE        =     97    ----
   CONSTANT SIZE    =   ----    ----
   XDATA SIZE       =   ----    ----
   PDATA SIZE       =   ----    ----
   DATA SIZE        =   ----       1
   IDATA SIZE       =   ----    ----
   BIT SIZE         =   ----    ----
END OF MODULE INFORMATION.


C51 COMPILATION COMPLETE.  0 WARNING(S),  0 ERROR(S)
