C51 COMPILER V9.60.7.0   MAIN                                                              09/29/2023 11:29:42 PAGE 1   


C51 COMPILER V9.60.7.0, COMPILATION OF MODULE MAIN
OBJECT MODULE PLACED IN .\Objects\main.obj
COMPILER INVOKED BY: D:\Programs\Keil_v5\C51\BIN\C51.EXE main.c OPTIMIZE(8,SPEED) BROWSE DEBUG OBJECTEXTEND PRINT(.\List
                    -ings\main.lst) TABS(2) OBJECT(.\Objects\main.obj)

line level    source

   1          #include <REGX52.H>
   2          #include "Delay.h"
   3          
   4          #define uchar unsigned char
   5          #define CYCLE 1000
   6          
   7          sbit LED = P2 ^ 0;
   8          
   9          void Delay(uchar i) //@12.000MHz
  10          {
*** WARNING C235 IN LINE 10 OF main.c: parameter 1: different types
  11   1        while(i--);
  12   1      }
  13          
  14          
  15          void main()
  16          {
  17   1        uchar Time = 0,i;
  18   1        while (1)
  19   1        {
  20   2          for (Time = 0; Time < CYCLE; Time++)
  21   2          {
  22   3            for (i = 0; i < 20; i++)
  23   3            {
  24   4              LED = 0;
  25   4              Delay(Time);
  26   4              LED = 1;
  27   4              Delay(CYCLE - Time);
  28   4            }
  29   3          }
  30   2          for (Time = CYCLE; Time > 0; Time--)
  31   2          {
  32   3            for (i = 0; i < 20; i++)
  33   3            {
  34   4              LED = 0;
  35   4              Delay(Time);
  36   4              LED = 1;
  37   4              Delay(CYCLE - Time);
  38   4            }
  39   3          }
  40   2        }
  41   1      }


MODULE INFORMATION:   STATIC OVERLAYABLE
   CODE SIZE        =     65    ----
   CONSTANT SIZE    =   ----    ----
   XDATA SIZE       =   ----    ----
   PDATA SIZE       =   ----    ----
   DATA SIZE        =   ----    ----
   IDATA SIZE       =   ----    ----
   BIT SIZE         =   ----    ----
END OF MODULE INFORMATION.


C51 COMPILATION COMPLETE.  1 WARNING(S),  0 ERROR(S)
