C51 COMPILER V9.60.7.0   DELAY                                                             11/13/2023 16:25:57 PAGE 1   


C51 COMPILER V9.60.7.0, COMPILATION OF MODULE DELAY
OBJECT MODULE PLACED IN .\Objects\Delay.obj
COMPILER INVOKED BY: D:\Programs\Keil_v5\C51\BIN\C51.EXE Delay.c OPTIMIZE(8,SPEED) BROWSE DEBUG OBJECTEXTEND PRINT(.\Lis
                    -tings\Delay.lst) TABS(2) OBJECT(.\Objects\Delay.obj)

line level    source

   1          #include <REGX52.H>
   2          
   3          void Delay1ms(void) //@11.0592MHz
   4          {
   5   1        unsigned char data i, j;
   6   1      
   7   1        //_nop_();
   8   1        i = 2;
   9   1        j = 199;
  10   1        do
  11   1        {
  12   2          while (--j);
  13   2        } while (--i);
  14   1      }
  15          
  16          void Delay10us(unsigned int x)  //@11.0592MHz
  17          {
  18   1        unsigned char data i;
  19   1      do{
  20   2        i = 2;
  21   2        while (--i);
  22   2      }while(--x);
  23   1      }
  24          
  25          
  26          void Delay10ms(void)  //@11.0592MHz
  27          {
  28   1        unsigned char data i, j;
  29   1      
  30   1        i = 18;
  31   1        j = 235;
  32   1        do
  33   1        {
  34   2          while (--j);
  35   2        } while (--i);
  36   1      }
  37          
  38          //void Delay(unsigned int x) //@11.0592MHz
  39          //{
  40          //  unsigned char i, j;
  41          
  42          //  i = 2;
  43          //  j = 199;
  44          //  do
  45          //  {
  46          //    do
  47          //    {
  48          //      while (--j)
  49          //        ;
  50          //    } while (--i);
  51          //  } while (--x);
  52          //}


C51 COMPILER V9.60.7.0   DELAY                                                             11/13/2023 16:25:57 PAGE 2   

MODULE INFORMATION:   STATIC OVERLAYABLE
   CODE SIZE        =     32    ----
   CONSTANT SIZE    =   ----    ----
   XDATA SIZE       =   ----    ----
   PDATA SIZE       =   ----    ----
   DATA SIZE        =   ----    ----
   IDATA SIZE       =   ----    ----
   BIT SIZE         =   ----    ----
END OF MODULE INFORMATION.


C51 COMPILATION COMPLETE.  0 WARNING(S),  0 ERROR(S)
