C51 COMPILER V9.60.7.0   MAIN                                                              11/13/2023 16:26:59 PAGE 1   


C51 COMPILER V9.60.7.0, COMPILATION OF MODULE MAIN
OBJECT MODULE PLACED IN .\Objects\main.obj
COMPILER INVOKED BY: D:\Programs\Keil_v5\C51\BIN\C51.EXE main.c OPTIMIZE(8,SPEED) BROWSE DEBUG OBJECTEXTEND PRINT(.\List
                    -ings\main.lst) TABS(2) OBJECT(.\Objects\main.obj)

line level    source

   1          #include <REGX52.H>
   2          
   3          #define uchar unsigned char
   4          #define CYCLE 100
   5          
   6          sbit LED = P2 ^ 0;
   7          
   8          void Delay(unsigned int i)
   9          {
  10   1        while(i--);
  11   1      }
  12          
  13          
  14          void main()
  15          {
  16   1        uchar Time = 0,i;
  17   1        while (1)
  18   1        {
  19   2          for (Time = 0; Time < CYCLE; Time++)
  20   2          {
  21   3            for (i = 0; i < 20; i++)
  22   3            {
  23   4              LED = 0;
  24   4              Delay(Time);
  25   4              LED = 1;
  26   4              Delay(CYCLE - Time);
  27   4            }
  28   3          }
  29   2          for (Time = CYCLE; Time > 0; Time--)
  30   2          {
  31   3            for (i = 0; i < 20; i++)
  32   3            {
  33   4              LED = 0;
  34   4              Delay(Time);
  35   4              LED = 1;
  36   4              Delay(CYCLE - Time);
  37   4            }
  38   3          }
  39   2        }
  40   1      }


MODULE INFORMATION:   STATIC OVERLAYABLE
   CODE SIZE        =     68    ----
   CONSTANT SIZE    =   ----    ----
   XDATA SIZE       =   ----    ----
   PDATA SIZE       =   ----    ----
   DATA SIZE        =   ----    ----
   IDATA SIZE       =   ----    ----
   BIT SIZE         =   ----    ----
END OF MODULE INFORMATION.


C51 COMPILATION COMPLETE.  0 WARNING(S),  0 ERROR(S)
