C51 COMPILER V9.60.7.0   MAIN_DESKTOP_BI72J98                                              09/26/2023 20:21:23 PAGE 1   


C51 COMPILER V9.60.7.0, COMPILATION OF MODULE MAIN_DESKTOP_BI72J98
OBJECT MODULE PLACED IN .\Objects\MAIN-DESKTOP-BI72J98.obj
COMPILER INVOKED BY: D:\Programs\Keil_v5\C51\BIN\C51.EXE MAIN-DESKTOP-BI72J98.c OPTIMIZE(8,SPEED) BROWSE DEBUG OBJECTEXT
                    -END PRINT(.\Listings\MAIN-DESKTOP-BI72J98.lst) TABS(2) OBJECT(.\Objects\MAIN-DESKTOP-BI72J98.obj)

line level    source

   1          #include <REGX52.H>
   2          #include "LCD1602.h"
   3          
   4          void main()
   5          {
   6   1          LCD_Init();//LCD1602  初始化函数
   7   1          LCD_ShowChar(1,1,'1');
   8   1          LCD_ShowChar(1,2,'9');
   9   1          LCD_ShowChar(1,3,'8');
  10   1          LCD_ShowChar(1,4,'9');
  11   1      
  12   1          LCD_ShowString(2,1,"Hello world");
  13   1          while(1)
  14   1          {
  15   2              
  16   2          }
  17   1      }


MODULE INFORMATION:   STATIC OVERLAYABLE
   CODE SIZE        =     54    ----
   CONSTANT SIZE    =     12    ----
   XDATA SIZE       =   ----    ----
   PDATA SIZE       =   ----    ----
   DATA SIZE        =   ----    ----
   IDATA SIZE       =   ----    ----
   BIT SIZE         =   ----    ----
END OF MODULE INFORMATION.


C51 COMPILATION COMPLETE.  0 WARNING(S),  0 ERROR(S)
