C51 COMPILER V9.60.7.0   MAIN                                                              01/14/2023 15:41:11 PAGE 1   


C51 COMPILER V9.60.7.0, COMPILATION OF MODULE MAIN
OBJECT MODULE PLACED IN .\Objects\MAIN.obj
COMPILER INVOKED BY: z:\buyaobilian\Keil_v5\C51\BIN\C51.EXE MAIN.c OPTIMIZE(8,SPEED) BROWSE DEBUG OBJECTEXTEND PRINT(.\L
                    -istings\MAIN.lst) TABS(2) OBJECT(.\Objects\MAIN.obj)

line level    source

   1          #include <REGX52.H>
   2          #include "lcd1602.h"
   3          #include "Delay.h"
   4          
   5          void main()
   6          {
   7   1        unsigned int ans = 0;
   8   1          LCD_Init();//LCD1602  初始化函数
   9   1          
  10   1      //    LCD_ShowString(2,1,"Hello World!");
  11   1      //    
  12   1      //    LCD_ShowNum(1,1,1989,4);
  13   1        
  14   1          LCD_ShowChar(1,6,'6');
  15   1          LCD_ShowChar(1,7,'4');
  16   1        
  17   1          LCD_ShowSignedNum(2,13,-66,2);
  18   1          LCD_ShowHexNum(2,1,0xA5,2);
  19   1          LCD_ShowBinNum(1,9,0xAA,8);
  20   1        
  21   1          
  22   1          while(1)
  23   1          {
  24   2            Delay(1);
  25   2            LCD_ShowNum(1,1,ans,3);
  26   2              ans++;
  27   2          }
  28   1      }


MODULE INFORMATION:   STATIC OVERLAYABLE
   CODE SIZE        =     99    ----
   CONSTANT SIZE    =   ----    ----
   XDATA SIZE       =   ----    ----
   PDATA SIZE       =   ----    ----
   DATA SIZE        =   ----       2
   IDATA SIZE       =   ----    ----
   BIT SIZE         =   ----    ----
END OF MODULE INFORMATION.


C51 COMPILATION COMPLETE.  0 WARNING(S),  0 ERROR(S)
