C51 COMPILER V9.60.7.0   AT24C02                                                           02/02/2023 10:45:47 PAGE 1   


C51 COMPILER V9.60.7.0, COMPILATION OF MODULE AT24C02
OBJECT MODULE PLACED IN .\Objects\AT24C02.obj
COMPILER INVOKED BY: Z:\buyaobilian\keil_v5\C51\BIN\C51.EXE AT24C02.C OPTIMIZE(8,SPEED) BROWSE DEBUG OBJECTEXTEND PRINT(
                    -.\Listings\AT24C02.lst) TABS(2) OBJECT(.\Objects\AT24C02.obj)

line level    source

   1          #include <REGX52.H>
   2          #include "I2C.H"
   3          #define uchar unsigned char
   4          #define AT24C02_ADDRESS 0xa0
   5          /**
   6            *  @brief   AT24C02写入一个字节
   7            *  @param   WordAddress 要写入字节的地址
   8            *  @param   Data 要写入的数据
   9            *  @retva   无
  10            */
  11          void AT24C02_WriteByte(uchar WordAddress, uchar Data)
  12          {
  13   1          I2C_Start();
  14   1          I2C_SendByte(AT24C02_ADDRESS);
  15   1          I2C_ReceviceACK();
  16   1          I2C_SendByte(WordAddress);
  17   1          I2C_ReceviceACK();
  18   1          I2C_SendByte(Data);
  19   1          I2C_ReceviceACK();
  20   1          I2C_Stop();
  21   1      }
  22          
  23          /**
  24            *  @brief   AT24C02读取一个字节
  25            *  @param   WordAddress 要读出字节的地址
  26            *  @retva   Data 读出的数据
  27            */
  28          uchar AT24C02_ReadByte(uchar WordAddress)
  29          {
  30   1          uchar Data;
  31   1          I2C_Start();
  32   1          I2C_SendByte(AT24C02_ADDRESS);
  33   1          I2C_ReceviceACK();
  34   1          I2C_SendByte(WordAddress);
  35   1          I2C_ReceviceACK();
  36   1      
  37   1          I2C_Start();
  38   1          I2C_SendByte(AT24C02_ADDRESS | 0x01);
  39   1          I2C_ReceviceACK();
  40   1          Data = I2C_ReceiveByte();
  41   1          I2C_SendACK(1);
  42   1          I2C_Stop();
  43   1          return Data;
  44   1      }


MODULE INFORMATION:   STATIC OVERLAYABLE
   CODE SIZE        =     82    ----
   CONSTANT SIZE    =   ----    ----
   XDATA SIZE       =   ----    ----
   PDATA SIZE       =   ----    ----
   DATA SIZE        =   ----       4
   IDATA SIZE       =   ----    ----
   BIT SIZE         =   ----    ----
C51 COMPILER V9.60.7.0   AT24C02                                                           02/02/2023 10:45:47 PAGE 2   

END OF MODULE INFORMATION.


C51 COMPILATION COMPLETE.  0 WARNING(S),  0 ERROR(S)
