C51 COMPILER V9.60.7.0   DELAY                                                             02/02/2023 13:32:42 PAGE 1   


C51 COMPILER V9.60.7.0, COMPILATION OF MODULE DELAY
OBJECT MODULE PLACED IN .\Objects\Delay.obj
COMPILER INVOKED BY: Z:\buyaobilian\keil_v5\C51\BIN\C51.EXE Delay.c OPTIMIZE(8,SPEED) BROWSE DEBUG OBJECTEXTEND PRINT(.\
                    -Listings\Delay.lst) TABS(2) OBJECT(.\Objects\Delay.obj)

line level    source

   1          #include <REGX52.H>
   2          
   3          void Delay1ms(unsigned int x)   //@12.000MHz
   4          {
   5   1        unsigned char i, j;
   6   1      
   7   1        i = 2;
   8   1        j = 239;
   9   1        do
  10   1        {
  11   2          do
  12   2          {
  13   3            while (--j);
  14   3          } while (--i);
  15   2        }while(--x);
  16   1      }
  17          
  18          void Delay(unsigned int x)    //@11.0592MHz
  19          {
  20   1        unsigned char i, j;
  21   1      
  22   1        i = 2;
  23   1        j = 199;
  24   1        do
  25   1        {
  26   2        do
  27   2        {
  28   3          while (--j);
  29   3        } while (--i);
  30   2        }while(--x);
  31   1      }


MODULE INFORMATION:   STATIC OVERLAYABLE
   CODE SIZE        =     36    ----
   CONSTANT SIZE    =   ----    ----
   XDATA SIZE       =   ----    ----
   PDATA SIZE       =   ----    ----
   DATA SIZE        =   ----    ----
   IDATA SIZE       =   ----    ----
   BIT SIZE         =   ----    ----
END OF MODULE INFORMATION.


C51 COMPILATION COMPLETE.  0 WARNING(S),  0 ERROR(S)
