C51 COMPILER V9.60.7.0   MAIN                                                              02/02/2023 11:05:27 PAGE 1   


C51 COMPILER V9.60.7.0, COMPILATION OF MODULE MAIN
OBJECT MODULE PLACED IN .\Objects\main.obj
COMPILER INVOKED BY: Z:\buyaobilian\keil_v5\C51\BIN\C51.EXE main.c OPTIMIZE(8,SPEED) BROWSE DEBUG OBJECTEXTEND PRINT(.\L
                    -istings\main.lst) TABS(2) OBJECT(.\Objects\main.obj)

line level    source

   1          #include <REGX52.H>
   2          #include "Delay.h"
   3          #include "LCD1602.h"
   4          #include "key.h"
   5          #include "I2C.H"
   6          #include "AT24C02.H"
   7          #define uchar unsigned char
   8          
   9          uchar Data,KeyNum;
  10          unsigned int Num;
  11          void main()
  12          {
  13   1        LCD_Init();
  14   1      //  LCD_ShowString(1,1,"hello!");
  15   1      //  AT24C02_WriteByte(0,144);
  16   1      //  Delay(5);//写周期是5ms
  17   1      //  AT24C02_WriteByte(1,215);
  18   1      //  Delay(5);//写周期是5ms
  19   1      //  AT24C02_WriteByte(3,300);
  20   1      //  Delay(5);//写周期是5ms
  21   1      //  Data = AT24C02_ReadByte(1);
  22   1      //  LCD_ShowNum(2,1,Data,3);
  23   1        LCD_ShowNum(1, 1, Num, 5);
  24   1        while (1)
  25   1        {
  26   2          KeyNum = Key();
*** WARNING C206 IN LINE 26 OF main.c: 'Key': missing function-prototype
  27   2          if (KeyNum == 1)
  28   2          {
  29   3            Num++;
  30   3            LCD_ShowNum(1, 1, Num, 5);
  31   3          }
  32   2          if (KeyNum == 2)
  33   2          {
  34   3            Num--;
  35   3            LCD_ShowNum(1, 1, Num, 5);
  36   3          }
  37   2          if (KeyNum == 3)
  38   2          {
  39   3            AT24C02_WriteByte(0, Num % 256);
  40   3            Delay(5);
  41   3            AT24C02_WriteByte(1, Num / 256);
  42   3            Delay(5);
  43   3            LCD_ShowString(2, 1, "Write OK");
  44   3            Delay(2);
  45   3            LCD_ShowString(2, 1, "        ");
  46   3          }
  47   2          if (KeyNum == 4)
  48   2          {
  49   3            Num = AT24C02_ReadByte(0);
  50   3            Num |= AT24C02_ReadByte(1) << 8;
  51   3            LCD_ShowNum(1, 1, Num, 5);
  52   3            LCD_ShowString(2, 1, "Read OK");
  53   3            Delay(2);
C51 COMPILER V9.60.7.0   MAIN                                                              02/02/2023 11:05:27 PAGE 2   

  54   3            LCD_ShowString(2, 1, "       ");
  55   3          }
  56   2        }
  57   1      }


MODULE INFORMATION:   STATIC OVERLAYABLE
   CODE SIZE        =    220    ----
   CONSTANT SIZE    =     34    ----
   XDATA SIZE       =   ----    ----
   PDATA SIZE       =   ----    ----
   DATA SIZE        =      4    ----
   IDATA SIZE       =   ----    ----
   BIT SIZE         =   ----    ----
END OF MODULE INFORMATION.


C51 COMPILATION COMPLETE.  1 WARNING(S),  0 ERROR(S)
