C51 COMPILER V9.60.7.0   MAIN                                                              09/29/2023 17:18:34 PAGE 1   


C51 COMPILER V9.60.7.0, COMPILATION OF MODULE MAIN
OBJECT MODULE PLACED IN .\Objects\main.obj
COMPILER INVOKED BY: D:\Programs\Keil_v5\C51\BIN\C51.EXE main.c OPTIMIZE(8,SPEED) BROWSE DEBUG OBJECTEXTEND PRINT(.\List
                    -ings\main.lst) TABS(2) OBJECT(.\Objects\main.obj)

line level    source

   1          #include <REGX52.H>
   2          #include "Delay.h"
   3          #include "key.h"
   4          #include "NixieTube.h"
   5          #include "Timer0.h"
   6          
   7          #define uchar unsigned char
   8          #define uint unsigned int
   9          // #define Criterion 50
  10          //sbit LED = P2 ^ 0;
  11          sbit Motor = P1 ^ 0;
  12          
  13          uchar Count = 0, Criterion = 0;
  14          uchar KeyNum = 0;
  15          uchar Speed = 0;
  16          
  17          void Timer0_Rountine() interrupt 1
  18          {
  19   1          TL0 = TIMS;
  20   1          TH0 = TIMS >> 8;
  21   1          Count++;
  22   1          Count %= 100;
  23   1      
  24   1          if (Count < Criterion)
  25   1          {
  26   2              Motor = 1;
  27   2          }
  28   1          else
  29   1              Motor = 0;
  30   1      }
  31          
  32          void main()
  33          {
  34   1          Timer0_Init();
  35   1          while (1)
  36   1          {
  37   2              KeyNum = Key();
*** WARNING C206 IN LINE 37 OF main.c: 'Key': missing function-prototype
  38   2              if (KeyNum == 1)
  39   2              {
  40   3                  Speed++;
  41   3                  Speed %= 4; // 4个档
  42   3                  if (Speed == 0)
  43   3                      Criterion = 0;
  44   3                  else if (Speed == 1)
  45   3                      Criterion = 5;
  46   3                  else if (Speed == 2)
  47   3                      Criterion = 50;
  48   3                  else if (Speed == 3)
  49   3                      Criterion = 100;
  50   3              }
  51   2              NixieTube(1, Speed);
  52   2          }
  53   1      }
C51 COMPILER V9.60.7.0   MAIN                                                              09/29/2023 17:18:34 PAGE 2   



MODULE INFORMATION:   STATIC OVERLAYABLE
   CODE SIZE        =    107    ----
   CONSTANT SIZE    =   ----    ----
   XDATA SIZE       =   ----    ----
   PDATA SIZE       =   ----    ----
   DATA SIZE        =      4    ----
   IDATA SIZE       =   ----    ----
   BIT SIZE         =   ----    ----
END OF MODULE INFORMATION.


C51 COMPILATION COMPLETE.  1 WARNING(S),  0 ERROR(S)
