C51 COMPILER V9.60.7.0   TIME0                                                             09/29/2023 17:05:39 PAGE 1   


C51 COMPILER V9.60.7.0, COMPILATION OF MODULE TIME0
OBJECT MODULE PLACED IN .\Objects\Time0.obj
COMPILER INVOKED BY: D:\Programs\Keil_v5\C51\BIN\C51.EXE Time0.c OPTIMIZE(8,SPEED) BROWSE DEBUG OBJECTEXTEND PRINT(.\Lis
                    -tings\Time0.lst) TABS(2) OBJECT(.\Objects\Time0.obj)

line level    source

   1          #include <REGX52.H>
   2          #define FOSC 1104000l                  // Frequency of Oscillator
   3          #define TIMS (65536 - FOSC / 12 / 1000) // Timer Initial Value for 100us
   4          
   5          void Timer0_Init()
   6          {
   7   1          // set timer0 as mode 1 (16-bit)
   8   1          TMOD &= 0xF0;
   9   1          TMOD |= 0x01;
  10   1          // initial timer0
  11   1          TL0 = TIMS;
  12   1          TH0 = TIMS >> 8;
  13   1          // clear TF0 flag
  14   1          TF0 = 0;
  15   1          //timer0 star running
  16   1          TR0 = 1;
  17   1          // enable timer0 interrupt
  18   1          ET0 = 1;
  19   1          // OPEN global interrupt switch
  20   1          EA = 1;
  21   1      
  22   1          PT0 = 0;
  23   1      }


MODULE INFORMATION:   STATIC OVERLAYABLE
   CODE SIZE        =     23    ----
   CONSTANT SIZE    =   ----    ----
   XDATA SIZE       =   ----    ----
   PDATA SIZE       =   ----    ----
   DATA SIZE        =   ----    ----
   IDATA SIZE       =   ----    ----
   BIT SIZE         =   ----    ----
END OF MODULE INFORMATION.


C51 COMPILATION COMPLETE.  0 WARNING(S),  0 ERROR(S)
