C51 COMPILER V9.60.7.0   DS18B20                                                           02/06/2023 12:51:46 PAGE 1   


C51 COMPILER V9.60.7.0, COMPILATION OF MODULE DS18B20
OBJECT MODULE PLACED IN .\Objects\DS18B20.obj
COMPILER INVOKED BY: Z:\buyaobilian\keil_v5\C51\BIN\C51.EXE DS18B20.c OPTIMIZE(8,SPEED) BROWSE DEBUG OBJECTEXTEND PRINT(
                    -.\Listings\DS18B20.lst) TABS(2) OBJECT(.\Objects\DS18B20.obj)

line level    source

   1          #include <REGX52.H>
   2          #include "OneWire.h"
   3          
   4          #define DS18B20_SKIP_ROM                    0XCC
   5          #define DS18B20_SEARCH_ROM                  0XF0
   6          #define DS18B20_READ_ROM                    0X33
   7          #define DS18B20_ALARM_ROM                   0XEC
   8          #define DS18B20_CONVERT_T                   0X44
   9          #define DS18B20_WRITE_SCRATCHPAD            0X4E
  10          #define DS18B20_READ_SCRATCHPAD             0XBE
  11          #define DS18B20_WRITE_COPY_SCRATCHPAD       0X48
  12          #define DS18B20_WRITE_RECALL_E2             0XB8
  13          #define DS18B20_WRITE_READ_POWER_SUPPLY     0XB4
  14          
  15          void DS18B20_CovertT()
  16          {
  17   1          OneWire_Init();
  18   1          OneWire_SendByte(DS18B20_SKIP_ROM);
  19   1          OneWire_SendByte(DS18B20_CONVERT_T);
  20   1      }
  21          
  22          float DS18B20_ReadT()
  23          {
  24   1          unsigned char TLS_B, TMS_B;
  25   1          int Temp;
  26   1          float T;
  27   1          OneWire_Init();
  28   1          OneWire_SendByte(DS18B20_SKIP_ROM);
  29   1          OneWire_SendByte(DS18B20_READ_SCRATCHPAD);
  30   1          TLS_B = OneWire_ReceiveByte();
  31   1          TMS_B = OneWire_ReceiveByte();
  32   1      
  33   1          Temp = (TMS_B << 8) | TLS_B;
  34   1          T = Temp / 16.0;
  35   1          return T;
  36   1      }


MODULE INFORMATION:   STATIC OVERLAYABLE
   CODE SIZE        =     56    ----
   CONSTANT SIZE    =   ----    ----
   XDATA SIZE       =   ----    ----
   PDATA SIZE       =   ----    ----
   DATA SIZE        =   ----       1
   IDATA SIZE       =   ----    ----
   BIT SIZE         =   ----    ----
END OF MODULE INFORMATION.


C51 COMPILATION COMPLETE.  0 WARNING(S),  0 ERROR(S)
