C51 COMPILER V9.60.7.0   ONEWIRE                                                           02/06/2023 12:51:46 PAGE 1   


C51 COMPILER V9.60.7.0, COMPILATION OF MODULE ONEWIRE
OBJECT MODULE PLACED IN .\Objects\OneWire.obj
COMPILER INVOKED BY: Z:\buyaobilian\keil_v5\C51\BIN\C51.EXE OneWire.c OPTIMIZE(8,SPEED) BROWSE DEBUG OBJECTEXTEND PRINT(
                    -.\Listings\OneWire.lst) TABS(2) OBJECT(.\Objects\OneWire.obj)

line level    source

   1          #include <REGX52.H>
   2          #include <intrins.h>
   3          #include <Delay.h>
   4          
   5          sbit OneWire_DQ = P3 ^ 7;
   6          
   7          unsigned char i;
   8          
   9          unsigned char OneWire_Init()
  10          {
  11   1      
  12   1          unsigned char AckBit;
  13   1          OneWire_DQ = 1;
  14   1          OneWire_DQ = 0;
  15   1      
  16   1          i = 230; //  delay 500us
  17   1          while (--i)
  18   1              ;
  19   1      
  20   1          OneWire_DQ = 1; // 释放
  21   1          _nop_();        // 65us
  22   1          i = 29;
  23   1          while (--i)
  24   1              ;
  25   1      
  26   1          AckBit = OneWire_DQ;
  27   1          i = 230; //  delay 500us
  28   1          while (--i)
  29   1              ;
  30   1          return AckBit;
  31   1      }
  32          
  33          void OneWire_SendBit(unsigned char Bit)
  34          {
  35   1          OneWire_DQ = 0;
  36   1          i = 4; // 10us
  37   1          while (--i)
  38   1              ;
  39   1          OneWire_DQ = Bit;
  40   1          _nop_(); // 50us
  41   1          i = 22;
  42   1          while (--i)
  43   1              ;
  44   1      
  45   1          OneWire_DQ = 0; // 释放
  46   1      }
  47          
  48          unsigned char OneWire_ReceiveBit()
  49          {
  50   1          unsigned char Bit;
  51   1          OneWire_DQ = 0;
  52   1          i = 2; // 5us
  53   1          while (--i)
  54   1              ;
C51 COMPILER V9.60.7.0   ONEWIRE                                                           02/06/2023 12:51:46 PAGE 2   

  55   1          OneWire_DQ = 1;
  56   1          i = 2; // 5us
  57   1          while (--i)
  58   1              ;
  59   1          Bit = OneWire_DQ;
  60   1          _nop_();
  61   1          i = 22; // 50us
  62   1          while (--i)
  63   1              ;
  64   1          return Bit;
  65   1      }
  66          
  67          void OneWire_SendByte(unsigned char Byte)
  68          {
  69   1          for (i = 0; i < 8; i++)
  70   1          {
  71   2              OneWire_SendBit(Byte & (0x01 << i));
  72   2          }
  73   1      }
  74          
  75          unsigned char OneWire_ReceiveByte()
  76          {
  77   1          unsigned char Byte = 0x00;
  78   1          for (i = 0; i < 8; i++)
  79   1          {
  80   2              if (OneWire_ReceiveBit())
  81   2              {
  82   3                  Byte |= (0x01 << i);
  83   3              }
  84   2          }
  85   1          return Byte;
  86   1      }


MODULE INFORMATION:   STATIC OVERLAYABLE
   CODE SIZE        =    153    ----
   CONSTANT SIZE    =   ----    ----
   XDATA SIZE       =   ----    ----
   PDATA SIZE       =   ----    ----
   DATA SIZE        =      1    ----
   IDATA SIZE       =   ----    ----
   BIT SIZE         =   ----    ----
END OF MODULE INFORMATION.


C51 COMPILATION COMPLETE.  0 WARNING(S),  0 ERROR(S)
