C51 COMPILER V9.60.7.0   SERIAL_COMMUNICATION                                              01/19/2023 13:02:42 PAGE 1   


C51 COMPILER V9.60.7.0, COMPILATION OF MODULE SERIAL_COMMUNICATION
OBJECT MODULE PLACED IN .\Objects\serial_communication.obj
COMPILER INVOKED BY: Z:\buyaobilian\Keil_v5\C51\BIN\C51.EXE serial_communication.c OPTIMIZE(8,SPEED) BROWSE DEBUG OBJECT
                    -EXTEND PRINT(.\Listings\serial_communication.lst) TABS(2) OBJECT(.\Objects\serial_communication.obj)

line level    source

   1          #include <REGX52.H>
   2          #include <Delay.h>
   3          #include <UART_Init.h>
   4          
   5          unsigned char Second = 0;
   6          
   7          void main()
   8          {
   9   1        UART_Init();
  10   1        //  UART_SendByte(0x11);
  11   1        while (1)
  12   1        {
  13   2          UART_SendByte(Second); // 若发送有误差可以延时试一下
  14   2          Second++;
  15   2          Delay(13);
  16   2        }
  17   1      }


MODULE INFORMATION:   STATIC OVERLAYABLE
   CODE SIZE        =     19    ----
   CONSTANT SIZE    =   ----    ----
   XDATA SIZE       =   ----    ----
   PDATA SIZE       =   ----    ----
   DATA SIZE        =      1    ----
   IDATA SIZE       =   ----    ----
   BIT SIZE         =   ----    ----
END OF MODULE INFORMATION.


C51 COMPILATION COMPLETE.  0 WARNING(S),  0 ERROR(S)
