C51 COMPILER V9.60.7.0   UART_INIT                                                         01/19/2023 14:16:37 PAGE 1   


C51 COMPILER V9.60.7.0, COMPILATION OF MODULE UART_INIT
OBJECT MODULE PLACED IN .\Objects\UART_Init.obj
COMPILER INVOKED BY: Z:\buyaobilian\Keil_v5\C51\BIN\C51.EXE UART_Init.c OPTIMIZE(8,SPEED) BROWSE DEBUG OBJECTEXTEND PRIN
                    -T(.\Listings\UART_Init.lst) TABS(2) OBJECT(.\Objects\UART_Init.obj)

line level    source

   1          #include <REGX52.H>
   2          /*
   3            *  @brief   串口初始化 4800bps@11.0592MHz
   4            *  @param   无
   5            *  @retva   无
   6            */
   7          void UartInit(void) 
   8          {
   9   1        PCON |= 0x80; // 使能波特率倍速位SMOD
  10   1        SCON = 0x50;  // 8位数据,可变波特率
  11   1        //*************
  12   1      //  AUXR &= 0xBF;   //定时器时钟12T模式
  13   1      //  AUXR &= 0xFE;   //串口1选择定时器1为波特率发生器
  14   1      //  89c52没有这种选择
  15   1        TMOD &= 0x0F;   // 设置定时器模式
  16   1        TMOD |= 0x20;   // 设置定时器模式
  17   1        TL1 = 0xF4;     // 设置定时初始值
  18   1        TH1 = 0xF4;     // 设置定时重载值
  19   1        ET1 = 0;      // 禁止定时器中断
  20   1        TR1 = 1;      // 定时器1开始计时
  21   1      
  22   1        ES = 1;       //启用串口中断
  23   1        EA = 1;
  24   1      }
  25          
  26          /*
  27            *  @brief   串口发送一个字节数据
  28            *  @param   byte 要发送的一个字节数据
  29            *  @retva   无
  30            */
  31          void UART_SendByte(unsigned char byte)
  32          {
  33   1        SBUF = byte;
  34   1        // 检测发送完成
  35   1        while (TI == 0) // TI:发送中断请求标志位，8位数据发送结束时，自动置为1，发送中
             -断，之后要复位
  36   1          ;
  37   1        TI = 0; // 复位
  38   1      }
  39          
  40          /*串口中断函数模板
  41          void UART_Routine() interrupt 4
  42          {
  43          //  P2 = 0X00;//测试能否传入中断
  44            if(RI == 1)
  45            {
  46              
  47              RI = 0;
  48            }
  49          }
  50          */


MODULE INFORMATION:   STATIC OVERLAYABLE
C51 COMPILER V9.60.7.0   UART_INIT                                                         01/19/2023 14:16:37 PAGE 2   

   CODE SIZE        =     35    ----
   CONSTANT SIZE    =   ----    ----
   XDATA SIZE       =   ----    ----
   PDATA SIZE       =   ----    ----
   DATA SIZE        =   ----    ----
   IDATA SIZE       =   ----    ----
   BIT SIZE         =   ----    ----
END OF MODULE INFORMATION.


C51 COMPILATION COMPLETE.  0 WARNING(S),  0 ERROR(S)
