C51 COMPILER V9.60.7.0   LCD1602_REFACTOR                                                  09/28/2023 20:53:19 PAGE 1   


C51 COMPILER V9.60.7.0, COMPILATION OF MODULE LCD1602_REFACTOR
OBJECT MODULE PLACED IN .\Objects\LCD1602_Refactor.obj
COMPILER INVOKED BY: D:\Programs\Keil_v5\C51\BIN\C51.EXE LCD1602_Refactor.c OPTIMIZE(8,SPEED) BROWSE DEBUG OBJECTEXTEND 
                    -PRINT(.\Listings\LCD1602_Refactor.lst) TABS(2) OBJECT(.\Objects\LCD1602_Refactor.obj)

line level    source

   1          #include <REGX52.H>
   2          
   3          // 引脚配置：
   4          sbit LCD_RS = P2 ^ 6;
   5          sbit LCD_RW = P2 ^ 5;
   6          sbit LCD_EN = P2 ^ 7;
   7          #define LCD_DataPort P0
   8          
   9          // 函数定义：
  10          /**
  11           * @brief  LCD1602延时函数，12MHz调用可延时1ms
  12           * @param  无
  13           * @retval 无
  14           */
  15          void LCD_Delay()
  16          {
  17   1          unsigned char i, j;
  18   1      
  19   1          i = 2;
  20   1          j = 239;
  21   1          do
  22   1          {
  23   2              while (--j)
  24   2                  ;
  25   2          } while (--i);
  26   1      }
  27          
  28          /**
  29           * @brief  LCD1602写命令
  30           * @param  Command 要写入的命令
  31           * @retval 无
  32           */
  33          void LCD_WriteCommand(unsigned char Command)
  34          {
  35   1          LCD_RS = 0;
  36   1          LCD_RW = 0;
  37   1          LCD_DataPort = Command;
  38   1          LCD_EN = 1;
  39   1          LCD_Delay(); // stay and over
  40   1          LCD_EN = 0;
  41   1          LCD_Delay();
  42   1      }
  43          
  44          /**
  45           * @brief  LCD1602写数据
  46           * @param  Data 要写入的数据
  47           * @retval 无
  48           */
  49          void LCD_WriteData(unsigned char Data)
  50          {
  51   1          LCD_RS = 1;
  52   1          LCD_RW = 0;
  53   1          LCD_DataPort = Data;
  54   1          LCD_EN = 1;
C51 COMPILER V9.60.7.0   LCD1602_REFACTOR                                                  09/28/2023 20:53:19 PAGE 2   

  55   1          LCD_Delay();
  56   1          LCD_EN = 0;
  57   1          LCD_Delay();
  58   1      }
  59          
  60          /**
  61           * @brief  LCD1602初始化函数
  62           * @param  无
  63           * @retval 无
  64           */
  65          void LCD_INIT()
  66          {
  67   1          LCD_WriteCommand(0x38); // 八位数据接口，两行显示，5*7点阵
  68   1          LCD_WriteCommand(0x0c); // 显示开，光标关，闪烁关
  69   1          LCD_WriteCommand(0x06); // 数据读写操作后，光标自动加一，画面不动
  70   1          LCD_WriteCommand(0x01); // 光标复位，清屏
  71   1      }
  72          
  73          /**
  74           * @brief  在LCD1602指定位置上显示一个字符
  75           * @param  Line 行位置，范围：1~2
  76           * @param  Column 列位置，范围：1~16
  77           * @param  Char 要显示的字符
  78           * @retval 无
  79           */
  80          void LCD_ShowChar(unsigned char Line, unsigned char Column, char Char)
  81          {
  82   1          if (Line == 1)
  83   1          {
  84   2              LCD_WriteCommand(0x80 | (Column - 1));
  85   2          }
  86   1          else if (Line == 2)
  87   1          {
  88   2              LCD_WriteCommand(0x80 | (Column - 1 + 0x40));
  89   2          }
  90   1          LCD_WriteData(Char);
  91   1      }


MODULE INFORMATION:   STATIC OVERLAYABLE
   CODE SIZE        =     83    ----
   CONSTANT SIZE    =   ----    ----
   XDATA SIZE       =   ----    ----
   PDATA SIZE       =   ----    ----
   DATA SIZE        =   ----    ----
   IDATA SIZE       =   ----    ----
   BIT SIZE         =   ----    ----
END OF MODULE INFORMATION.


C51 COMPILATION COMPLETE.  0 WARNING(S),  0 ERROR(S)
