C51 COMPILER V9.60.7.0   MAIN_TEMPERATURE                                                  02/06/2023 12:55:11 PAGE 1   


C51 COMPILER V9.60.7.0, COMPILATION OF MODULE MAIN_TEMPERATURE
OBJECT MODULE PLACED IN .\Objects\main_temperature.obj
COMPILER INVOKED BY: Z:\buyaobilian\keil_v5\C51\BIN\C51.EXE main_temperature.c OPTIMIZE(8,SPEED) BROWSE DEBUG OBJECTEXTE
                    -ND PRINT(.\Listings\main_temperature.lst) TABS(2) OBJECT(.\Objects\main_temperature.obj)

line level    source

   1          #include <REGX52.H>
   2          #include "LCD1602.h"
   3          #include "Delay.h"
   4          #include "DS18B20.h"
   5          
   6          //unsigned char Ack;
   7          float T;
   8          
   9          void main()
  10          {
  11   1      //  DS18B20_ConvertT();   //上电先转换一次温度，防止第一次读数据错误
  12   1      //  Delay(5);
  13   1        LCD_Init();
  14   1        LCD_ShowString(1, 1, "temperature:");
  15   1      //  Ack = OneWire_Init();
  16   1      //  LCD_ShowNum(2, 1, Ack, 3);
  17   1        while (1)
  18   1        {
  19   2          DS18B20_CovertT();
  20   2          T = DS18B20_ReadT();
  21   2          if (T < 0)
  22   2          {
  23   3            LCD_ShowChar(2, 1, '-');
  24   3            T = -T;
  25   3          }
  26   2          else
  27   2            LCD_ShowChar(2, 1, '+');
  28   2      
  29   2          LCD_ShowNum(2, 2, T, 3);
  30   2          LCD_ShowChar(2, 5, '.');
  31   2          LCD_ShowNum(2, 6, (unsigned long)(T * 10000) % 10000, 4);
  32   2        }
  33   1      }


MODULE INFORMATION:   STATIC OVERLAYABLE
   CODE SIZE        =    166    ----
   CONSTANT SIZE    =     13    ----
   XDATA SIZE       =   ----    ----
   PDATA SIZE       =   ----    ----
   DATA SIZE        =      4    ----
   IDATA SIZE       =   ----    ----
   BIT SIZE         =   ----    ----
END OF MODULE INFORMATION.


C51 COMPILATION COMPLETE.  0 WARNING(S),  0 ERROR(S)
