C51 COMPILER V9.60.7.0   CONTROLLED                                                        01/08/2023 16:04:43 PAGE 1   


C51 COMPILER V9.60.7.0, COMPILATION OF MODULE CONTROLLED
OBJECT MODULE PLACED IN .\Objects\controlLED.obj
COMPILER INVOKED BY: z:\buyaobilian\Keil_v5\C51\BIN\C51.EXE controlLED.c OPTIMIZE(8,SPEED) BROWSE DEBUG OBJECTEXTEND PRI
                    -NT(.\Listings\controlLED.lst) TABS(2) OBJECT(.\Objects\controlLED.obj)

line level    source

   1          #include <REGX52.H>
   2          
   3          
   4          
   5          void Delay(unsigned int x)    //@12.000MHz
   6          {
   7   1        unsigned char i, j;
   8   1      
   9   1        i = 2;
  10   1        j = 239;
  11   1        do
  12   1        {
  13   2          do
  14   2          {
  15   3            while (--j);
  16   3          } while (--i);
  17   2        }while(--x);
  18   1      }
  19          
  20           void main()
  21           {
  22   1          while(1)
  23   1          {
  24   2            if(P3_1 == 0)
  25   2            {
  26   3              Delay(10);//消除按键抖动
  27   3              while(P3_1 == 0)//检测松手
  28   3                ;
  29   3              Delay(10);//松手抖动
  30   3              
  31   3              P2_0 = ~P2_0;
  32   3            }
  33   2          }
  34   1       }


MODULE INFORMATION:   STATIC OVERLAYABLE
   CODE SIZE        =     42    ----
   CONSTANT SIZE    =   ----    ----
   XDATA SIZE       =   ----    ----
   PDATA SIZE       =   ----    ----
   DATA SIZE        =   ----    ----
   IDATA SIZE       =   ----    ----
   BIT SIZE         =   ----    ----
END OF MODULE INFORMATION.


C51 COMPILATION COMPLETE.  0 WARNING(S),  0 ERROR(S)
