C51 COMPILER V9.60.7.0   LAMO                                                              01/08/2023 15:26:28 PAGE 1   


C51 COMPILER V9.60.7.0, COMPILATION OF MODULE LAMO
OBJECT MODULE PLACED IN .\Objects\lamo.obj
COMPILER INVOKED BY: z:\buyaobilian\Keil_v5\C51\BIN\C51.EXE lamo.c OPTIMIZE(8,SPEED) BROWSE DEBUG OBJECTEXTEND PRINT(.\L
                    -istings\lamo.lst) TABS(2) OBJECT(.\Objects\lamo.obj)

line level    source

   1          #include <REGX52.H>
   2          
   3          void Delayms(unsigned int time)   //@12.000MHz
   4          {
   5   1        unsigned char i, j;
   6   1      
   7   1        i = 2;
   8   1        j = 239;
   9   1        do
  10   1        {
  11   2          do
  12   2          {
  13   3            while (--j);
  14   3          } while (--i);
  15   2        } while( --time );
  16   1      }
  17          
  18          
  19          void Delay500ms()   //@12.000MHz
  20          {
  21   1        unsigned char i, j, k;
  22   1      
  23   1        i = 4;
  24   1        j = 205;
  25   1        k = 187;
  26   1        do
  27   1        {
  28   2          do
  29   2          {
  30   3            while (--k);
  31   3          } while (--j);
  32   2        } while (--i);
  33   1      }
  34          
  35          void main()
  36          {
  37   1        P2 = 0xFE;//1111 1110
  38   1        Delay500ms();//-1
  39   1        P2 = 0xFD;//1111 1101
  40   1        Delay500ms();//-2
  41   1        P2 = 0xFB;//1111 1011
  42   1        Delay500ms();//-4
  43   1        P2 = 0xF7;//1111 0111
  44   1        Delay500ms();//-8
  45   1        P2 = 0xEF;//1110 1111
  46   1        Delay500ms();//-16
  47   1        P2 = 0xDF;//1101 1111
  48   1        Delay500ms();//-32
  49   1        P2 = 0xBF;//1011 1111
  50   1        Delay500ms();//-64
  51   1        P2 = 0x7F;//0111 1111
  52   1        Delay500ms();
  53   1      }

C51 COMPILER V9.60.7.0   LAMO                                                              01/08/2023 15:26:28 PAGE 2   


MODULE INFORMATION:   STATIC OVERLAYABLE
   CODE SIZE        =     79    ----
   CONSTANT SIZE    =   ----    ----
   XDATA SIZE       =   ----    ----
   PDATA SIZE       =   ----    ----
   DATA SIZE        =   ----    ----
   IDATA SIZE       =   ----    ----
   BIT SIZE         =   ----    ----
END OF MODULE INFORMATION.


C51 COMPILATION COMPLETE.  0 WARNING(S),  0 ERROR(S)
