C51 COMPILER V9.60.7.0   MAIN                                                              01/08/2023 15:24:51 PAGE 1   


C51 COMPILER V9.60.7.0, COMPILATION OF MODULE MAIN
OBJECT MODULE PLACED IN .\Objects\main.obj
COMPILER INVOKED BY: z:\buyaobilian\Keil_v5\C51\BIN\C51.EXE main.c OPTIMIZE(8,SPEED) BROWSE DEBUG OBJECTEXTEND PRINT(.\L
                    -istings\main.lst) TABS(2) OBJECT(.\Objects\main.obj)

line level    source

   1          #include <REGX52.H>
   2          
   3          void Delay1000ms()    //@12.000MHz
   4          {
   5   1        unsigned char i, j, k;
   6   1      
   7   1        
   8   1        i = 8;
   9   1        j = 154;
  10   1        k = 122;
  11   1        do
  12   1        {
  13   2          do
  14   2          {
  15   3            while (--k);
  16   3          } while (--j);
  17   2        } while (--i);
  18   1      }
  19          
  20          
  21          
  22          
  23          void main()
  24          {
  25   1        #if 0
                //p2 = 1111 1110  Set the lowest bit to zero 
                P2 = 0xFE;
                P2 = 0xFF;
                while(1){}//let it light up once and then turn off
                  #endif
  31   1          
  32   1          
  33   1          #if 1
  34   1        while(1){
  35   2          
  36   2          P2 = 0xFE;
  37   2          Delay1000ms();
  38   2          P2 = 0xFF;
  39   2          Delay1000ms();
  40   2        }
  41   1        #endif
  42   1      }


MODULE INFORMATION:   STATIC OVERLAYABLE
   CODE SIZE        =     27    ----
   CONSTANT SIZE    =   ----    ----
   XDATA SIZE       =   ----    ----
   PDATA SIZE       =   ----    ----
   DATA SIZE        =   ----    ----
   IDATA SIZE       =   ----    ----
   BIT SIZE         =   ----    ----
END OF MODULE INFORMATION.


C51 COMPILATION COMPLETE.  0 WARNING(S),  0 ERROR(S)
