C51 COMPILER V9.60.7.0   BUZZER                                                            01/28/2023 10:23:29 PAGE 1   


C51 COMPILER V9.60.7.0, COMPILATION OF MODULE BUZZER
OBJECT MODULE PLACED IN .\Objects\Buzzer.obj
COMPILER INVOKED BY: Z:\buyaobilian\keil_v5\C51\BIN\C51.EXE Buzzer.c OPTIMIZE(8,SPEED) BROWSE DEBUG OBJECTEXTEND PRINT(.
                    -\Listings\Buzzer.lst) TABS(2) OBJECT(.\Objects\Buzzer.obj)

line level    source

   1          #include <REGX52.H>
   2          #include "Delay.h"
   3          
   4          sbit Buzzer = P2 ^ 5;
   5          unsigned int i;
   6          
   7          void Buzzer_delay500us()   //误差 -0.868055555556us
   8          {
   9   1          unsigned char a,b;
  10   1          for(b=1;b>0;b--)
  11   1              for(a=227;a>0;a--);
  12   1      }
  13          
  14          void Buzzer_Time(unsigned int ms)
  15          {
  16   1      
  17   1          for (i = 0; i < ms*2; i++)
  18   1          {
  19   2              Buzzer = !Buzzer;
  20   2      //Delay(1);//500HZ
  21   2            Buzzer_delay500us();//1000HZ
  22   2          }
  23   1      }


MODULE INFORMATION:   STATIC OVERLAYABLE
   CODE SIZE        =     50    ----
   CONSTANT SIZE    =   ----    ----
   XDATA SIZE       =   ----    ----
   PDATA SIZE       =   ----    ----
   DATA SIZE        =      2    ----
   IDATA SIZE       =   ----    ----
   BIT SIZE         =   ----    ----
END OF MODULE INFORMATION.


C51 COMPILATION COMPLETE.  0 WARNING(S),  0 ERROR(S)
