C51 COMPILER V9.60.7.0   STATIC_NIXIE_TUBE                                                 01/12/2023 18:08:00 PAGE 1   


C51 COMPILER V9.60.7.0, COMPILATION OF MODULE STATIC_NIXIE_TUBE
OBJECT MODULE PLACED IN .\Objects\static nixie tube.obj
COMPILER INVOKED BY: z:\buyaobilian\Keil_v5\C51\BIN\C51.EXE static nixie tube.c OPTIMIZE(8,SPEED) BROWSE DEBUG OBJECTEXT
                    -END PRINT(.\Listings\static nixie tube.lst) TABS(2) OBJECT(.\Objects\static nixie tube.obj)

line level    source

   1          #include <REGX52.H>
   2          
   3          unsigned char NumberTable[] = {0x3F,0x06,0x5B,0x4F,0x66,0x6D,0x7D,
   4            0x07,0x7F,0x6F,0x77,0x7C,0x39,0x5E,0x79,0x71,0x00};
   5          
   6          
   7          void NixieTube(unsigned char Location ,unsigned char number)
   8          {
   9   1        switch(Location)
  10   1        {
  11   2          case 1: P2_4 = 1;P2_3 = 1;P2_2 = 1;break;
  12   2          case 2: P2_4 = 1;P2_3 = 1;P2_2 = 0;break;
  13   2          case 3: P2_4 = 1;P2_3 = 0;P2_2 = 1;break;
  14   2          case 4: P2_4 = 1;P2_3 = 0;P2_2 = 0;break;
  15   2          case 5: P2_4 = 0;P2_3 = 1;P2_2 = 1;break;
  16   2          case 6: P2_4 = 0;P2_3 = 1;P2_2 = 0;break;
  17   2          case 7: P2_4 = 0;P2_3 = 0;P2_2 = 1;break;
  18   2          case 8: P2_4 = 0;P2_3 = 0;P2_2 = 0;break;
  19   2        }
  20   1        
  21   1        P0 = NumberTable[number];
  22   1      }
  23          
  24          void main()
  25          { 
  26   1        //0111 1101
  27   1        //P2_2 = 1;P2_3 = 0;P2_4 = 1;
  28   1        NixieTube(2,3);
  29   1        while(1)
  30   1        {
  31   2          
  32   2        }
  33   1      }


MODULE INFORMATION:   STATIC OVERLAYABLE
   CODE SIZE        =    108    ----
   CONSTANT SIZE    =   ----    ----
   XDATA SIZE       =   ----    ----
   PDATA SIZE       =   ----    ----
   DATA SIZE        =     17    ----
   IDATA SIZE       =   ----    ----
   BIT SIZE         =   ----    ----
END OF MODULE INFORMATION.


C51 COMPILATION COMPLETE.  0 WARNING(S),  0 ERROR(S)
