C51 COMPILER V9.60.7.0   DYNAMIC_DIGITAL_TUBE                                              05/02/2024 21:52:19 PAGE 1   


C51 COMPILER V9.60.7.0, COMPILATION OF MODULE DYNAMIC_DIGITAL_TUBE
OBJECT MODULE PLACED IN .\Objects\Dynamic digital tube.obj
COMPILER INVOKED BY: D:\Program Files\Keil_v5\C51\BIN\C51.EXE Dynamic digital tube.c OPTIMIZE(8,SPEED) BROWSE DEBUG OBJE
                    -CTEXTEND PRINT(.\Listings\Dynamic digital tube.lst) TABS(2) OBJECT(.\Objects\Dynamic digital tube.obj)

line level    source

   1          #include <REGX52.H>
   2          #include "Delay.h"
   3          #include "NixieTube.h"
   4          
   5          
   6            void main()
   7          { 
   8   1        
   9   1        while(1)
  10   1        {
  11   2      //    NixieTube(2,3);
  12   2      //    Delay(0);
  13   2      //    NixieTube(3,4);
  14   2      //    Delay(0);
  15   2      //    NixieTube(5,7);
  16   2      //    Delay(0);
  17   2      //    位选 段选 位选 段选 位选 段选
  18   2          
  19   2          NixieTube(1,3);
  20   2      
  21   2          NixieTube(3,4);
  22   2      
  23   2          NixieTube(5,7);
  24   2          //单片机直接扫描，会消耗大量cpu时间
  25   2        }
  26   1      }


MODULE INFORMATION:   STATIC OVERLAYABLE
   CODE SIZE        =     23    ----
   CONSTANT SIZE    =   ----    ----
   XDATA SIZE       =   ----    ----
   PDATA SIZE       =   ----    ----
   DATA SIZE        =   ----    ----
   IDATA SIZE       =   ----    ----
   BIT SIZE         =   ----    ----
END OF MODULE INFORMATION.


C51 COMPILATION COMPLETE.  0 WARNING(S),  0 ERROR(S)
