C51 COMPILER V9.60.7.0   NIXIETUBE                                                         05/02/2024 21:52:19 PAGE 1   


C51 COMPILER V9.60.7.0, COMPILATION OF MODULE NIXIETUBE
OBJECT MODULE PLACED IN .\Objects\NixieTube.obj
COMPILER INVOKED BY: D:\Program Files\Keil_v5\C51\BIN\C51.EXE NixieTube.c OPTIMIZE(8,SPEED) BROWSE DEBUG OBJECTEXTEND PR
                    -INT(.\Listings\NixieTube.lst) TABS(2) OBJECT(.\Objects\NixieTube.obj)

line level    source

   1          #include <REGX52.H>
   2          #include "Delay.h"
   3          
   4          /*
   5           *  @brief   数字二极管
   6           *  @param   Location 哪一位数字 ，  number 显示什么数字
   7           *  @retva   无
   8           */
   9          unsigned char NumberTable[] = {0x3F,0x06,0x5B,0x4F,0x66,0x6D,0x7D,
  10            0x07,0x7F,0x6F,0x77,0x7C,0x39,0x5E,0x79,0x71,0x00}; 
  11            
  12          void NixieTube(unsigned char Location ,unsigned char number)
  13          {
  14   1        switch(Location)
  15   1        {
  16   2          case 1: P2_4 = 1;P2_3 = 1;P2_2 = 1;break;
  17   2          case 2: P2_4 = 1;P2_3 = 1;P2_2 = 0;break;
  18   2          case 3: P2_4 = 1;P2_3 = 0;P2_2 = 1;break;
  19   2          case 4: P2_4 = 1;P2_3 = 0;P2_2 = 0;break;
  20   2          case 5: P2_4 = 0;P2_3 = 1;P2_2 = 1;break;
  21   2          case 6: P2_4 = 0;P2_3 = 1;P2_2 = 0;break;
  22   2          case 7: P2_4 = 0;P2_3 = 0;P2_2 = 1;break;
  23   2          case 8: P2_4 = 0;P2_3 = 0;P2_2 = 0;break;
  24   2        }
  25   1        
  26   1        P0 = NumberTable[number];
  27   1        
  28   1        Delay(1);//消影
  29   1      }


MODULE INFORMATION:   STATIC OVERLAYABLE
   CODE SIZE        =    105    ----
   CONSTANT SIZE    =   ----    ----
   XDATA SIZE       =   ----    ----
   PDATA SIZE       =   ----    ----
   DATA SIZE        =     17    ----
   IDATA SIZE       =   ----    ----
   BIT SIZE         =   ----    ----
END OF MODULE INFORMATION.


C51 COMPILATION COMPLETE.  0 WARNING(S),  0 ERROR(S)
