C51 COMPILER V9.60.7.0   ANIMATION                                                         01/21/2023 15:56:39 PAGE 1   


C51 COMPILER V9.60.7.0, COMPILATION OF MODULE ANIMATION
OBJECT MODULE PLACED IN .\Objects\animation.obj
COMPILER INVOKED BY: Z:\buyaobilian\Keil_v5\C51\BIN\C51.EXE animation.c OPTIMIZE(8,SPEED) BROWSE DEBUG OBJECTEXTEND PRIN
                    -T(.\Listings\animation.lst) TABS(2) OBJECT(.\Objects\animation.obj)

line level    source

   1          #include <REGX52.H>
   2          #include "MatrixLED.h"
   3          #define Lenth (32-5)*8-6-16
   4          unsigned char code animation[Lenth] = {
   5              0x00,0x00,0x00,0x00,0x00,0x00,0x00,0x00,0x00,0x00,0xFF,0xFF,0xC0,0x80,0xC0,0xFF,
   6              0xFF,0x00,0x00,0x00,0x00,0x00,0x00,0x00,0x00,0x00,0x00,
   7              0x3E,0x7F,0xEB,0xC9,0x88,0xC8,0xE9,0x79,0x00,0x00,0x00,0x00,0x00,0x00,0x00,0x00,
   8              0x00,0x00,0xE0,0xFC,0x3F,0x07,0x3F,0xFC,0xFC,0x7F,0x00,
   9              0x00,0x00,0x00,0x00,0x00,0x00,0x00,0x00,0x00,0x00,0x00,0x00,0x00,0x00,0x00,0x00,
  10              0x00,0x00,0x00,0x00,0x00,0x00,0x00,0x00,0x00,0x00,0x00,
  11              0xE0,0xFC,0x3F,0x07,0x0F,0x3E,0xF8,0xC0,0x00,0x00,0x00,0x00,0x00,0x00,0x00,0x00,
  12              0x00,0x00,0x3E,0x7F,0xEB,0xC9,0x88,0xC8,0xE9,0x79,0x00,
  13              0x00,0x00,0x00,0x00,0x00,0x00,0x00,0x00,0x00,0x07,0xCF,0xDF,0xD8,0x99,0xD9,0xFF,
  14              0x7F,0x00,0x00,0x00,0x00,0x00,0x00,0x00,0x00,0x00,0x00,
  15              0x00,0xFF,0xFF,0xC0,0x80,0x80,0x00,0x00,0x00,0x00,0x00,0x00,0x00,
  16              0x00,0xf9,0xf9,0x00,0x00,
  17              0x00,0x00,0x00,0x00,0x00,0x00,0x00,0x00,0x00,0x00,0x00,0x00,0x00,0x00,0x00,0x00,
  18              0x00,0x00,0x00,0x00,0x00,0x00,0x00,0x00,0x00,0x00,0x00,0x00,0x00,0x00,0x00,0x00,
  19              0x00,0x00,0x00,0x00,0x00,0x00,0x00,0x00,0x00,
  20              };
  21          void main()
  22          {
  23   1          unsigned char i, Offset = 0, Count;
  24   1          Matrix_LEDInit(); // ÂàùÂßãÂåñ
  25   1          while (1)
  26   1          {
  27   2              for (i = 0; i < 8; i++)
  28   2              {
  29   3                  MatrixLED_ShowColumn(i, *(animation + i + Offset));
  30   3              }
  31   2      
  32   2              Count++;
  33   2              if (Count > 10)//‰∏ÄÂ∏ßÊâ´Êèè10ÈÅçÔºåÁõ∏ÂΩì‰∫éÂª∂Êó∂Ôºå‰πüÂèØ‰ª•‰ΩøÁî®ÂÆöÊó∂Âô®ÔºåÊØèÈöî‰∏ÄÊÆµÊó∂È
             -ó¥offset+1
  34   2              {
  35   3                  Count = 0;
  36   3                  Offset++;
  37   3                  if (Offset > Lenth - 8)
  38   3                  {
  39   4                      Offset = 0;
  40   4                  }
  41   3              }
  42   2          }
  43   1      }


MODULE INFORMATION:   STATIC OVERLAYABLE
   CODE SIZE        =     74    ----
   CONSTANT SIZE    =    194    ----
   XDATA SIZE       =   ----    ----
   PDATA SIZE       =   ----    ----
   DATA SIZE        =   ----       3
   IDATA SIZE       =   ----    ----
   BIT SIZE         =   ----    ----
C51 COMPILER V9.60.7.0   ANIMATION                                                         01/21/2023 15:56:39 PAGE 2   

END OF MODULE INFORMATION.


C51 COMPILATION COMPLETE.  0 WARNING(S),  0 ERROR(S)
