C51 COMPILER V9.60.7.0   DOT_MATRIX_SCREEN                                                 01/21/2023 15:02:13 PAGE 1   


C51 COMPILER V9.60.7.0, COMPILATION OF MODULE DOT_MATRIX_SCREEN
OBJECT MODULE PLACED IN .\Objects\Dot_matrix_screen.obj
COMPILER INVOKED BY: Z:\buyaobilian\Keil_v5\C51\BIN\C51.EXE Dot_matrix_screen.c OPTIMIZE(8,SPEED) BROWSE DEBUG OBJECTEXT
                    -END PRINT(.\Listings\Dot_matrix_screen.lst) TABS(2) OBJECT(.\Objects\Dot_matrix_screen.obj)

line level    source

   1          #include <REGX52.H>
   2          #include "MatrixLED.h"
   3          #define MATEIX_LED_PORT P0
   4          void main()
   5          {
   6   1      
   7   1          Matrix_LEDInit();//初始化
   8   1      
   9   1          //    MATEIX_LED_PORT = 0;//将现象转移到点阵屏
  10   1          //    _74HC595_WriteByte_(0xaa);
  11   1      
  12   1          while (1)
  13   1          {
  14   2              MatrixLED_ShowColumn(0, 0x80);
  15   2              MatrixLED_ShowColumn(1, 0x40);
  16   2              MatrixLED_ShowColumn(2, 0x20);
  17   2              MatrixLED_ShowColumn(3, 0x10);
  18   2          }
  19   1      }


MODULE INFORMATION:   STATIC OVERLAYABLE
   CODE SIZE        =     33    ----
   CONSTANT SIZE    =   ----    ----
   XDATA SIZE       =   ----    ----
   PDATA SIZE       =   ----    ----
   DATA SIZE        =   ----    ----
   IDATA SIZE       =   ----    ----
   BIT SIZE         =   ----    ----
END OF MODULE INFORMATION.


C51 COMPILATION COMPLETE.  0 WARNING(S),  0 ERROR(S)
