C51 COMPILER V9.60.7.0   PASSWORD                                                          01/15/2023 11:19:44 PAGE 1   


C51 COMPILER V9.60.7.0, COMPILATION OF MODULE PASSWORD
OBJECT MODULE PLACED IN .\Objects\password.obj
COMPILER INVOKED BY: Z:\buyaobilian\Keil_v5\C51\BIN\C51.EXE user\password.c OPTIMIZE(8,SPEED) BROWSE DEBUG OBJECTEXTEND 
                    -PRINT(.\Listings\password.lst) TABS(2) OBJECT(.\Objects\password.obj)

line level    source

   1          #include <REGX52.H>
   2          #include "Delay.h"
   3          #include "LCD1602.h"
   4          #include "MATRIXKEY.H"
   5          
   6          unsigned char KeyNum;
   7          unsigned int password = 0,count = 0;
   8          
   9          void main()
  10          {
  11   1        LCD_Init();
  12   1        LCD_ShowString(1,1,"Password:");
  13   1        while(1)
  14   1        {
  15   2          KeyNum = MatrixKey();
  16   2          if(KeyNum)                                //如果去掉判断，会显示0，因为1被刷掉了
  17   2          {
  18   3            if(KeyNum <= 10)
  19   3              {                                     //S1-10为密码按键
  20   4              if(count < 4)                         //密码只有四位
  21   4                {                     
  22   5                  password *= 10;                   //左移
  23   5                  password += KeyNum % 10;          //使得S10为0，获取一位密码
  24   5                  count++;                          //记录位数，多的不算
  25   5                }
  26   4                LCD_ShowNum(2,1,password,4);
  27   4              }
  28   3            else if(KeyNum == 11)//确认
  29   3              {                 
  30   4                if(password == 4297){
  31   5                  LCD_ShowString(1,12,"   OK");
  32   5                  password = 0;count = 0;             //清零
  33   5                  LCD_ShowNum(2,1,password,4);
  34   5                }
  35   4                else{
  36   5                  LCD_ShowString(1,12,"ERROR");
  37   5                  password = 0;count = 0;
  38   5                  LCD_ShowNum(2,1,password,4);
  39   5                }
  40   4              }
  41   3            else if(KeyNum == 12)                     //取消
  42   3              {         
  43   4                password = 0;count = 0;
  44   4                LCD_ShowNum(2,1,password,4);
  45   4              }
  46   3            else if(KeyNum == 13)                     //删除
  47   3              {         
  48   4                password /= 10;count--;
  49   4                LCD_ShowNum(2,1,password,4);
  50   4              }
  51   3          }
  52   2        }
  53   1      }

C51 COMPILER V9.60.7.0   PASSWORD                                                          01/15/2023 11:19:44 PAGE 2   


MODULE INFORMATION:   STATIC OVERLAYABLE
   CODE SIZE        =    226    ----
   CONSTANT SIZE    =     22    ----
   XDATA SIZE       =   ----    ----
   PDATA SIZE       =   ----    ----
   DATA SIZE        =      5    ----
   IDATA SIZE       =   ----    ----
   BIT SIZE         =   ----    ----
END OF MODULE INFORMATION.


C51 COMPILATION COMPLETE.  0 WARNING(S),  0 ERROR(S)
