C51 COMPILER V9.60.7.0   FLASHING                                                          01/03/2023 10:40:25 PAGE 1   


C51 COMPILER V9.60.7.0, COMPILATION OF MODULE FLASHING
OBJECT MODULE PLACED IN .\Objects\flashing.obj
COMPILER INVOKED BY: Z:\buyaobilian\Keil_v5\C51\BIN\C51.EXE flashing.c OPTIMIZE(8,SPEED) BROWSE DEBUG OBJECTEXTEND PRINT
                    -(.\Listings\flashing.lst) TABS(2) OBJECT(.\Objects\flashing.obj)

line level    source

   1          #include <REGX52.H>
   2          #include <INTRINS.H>
   3          void Delay1000ms()    //@12.000MHz
   4          {
   5   1        unsigned char i, j, k;
   6   1      
   7   1        _nop_();
   8   1        i = 8;
   9   1        j = 154;
  10   1        k = 122;
  11   1        do
  12   1        {
  13   2          do
  14   2          {
  15   3            while (--k);
  16   3          } while (--j);
  17   2        } while (--i);
  18   1      }
  19          
  20          
  21          
  22          
  23          void main()
  24          {
  25   1        //p2 = 1111 1110  Set the lowest bit to zero 
  26   1        #if 1
  27   1        while(1){
  28   2          
  29   2          P2 = 0xFE;
  30   2          Delay1000ms();
  31   2          P2 = 0xFF;
  32   2          Delay1000ms();
  33   2        }
  34   1        #endif
  35   1          //let it light up once and then turn off
  36   1      }


MODULE INFORMATION:   STATIC OVERLAYABLE
   CODE SIZE        =     28    ----
   CONSTANT SIZE    =   ----    ----
   XDATA SIZE       =   ----    ----
   PDATA SIZE       =   ----    ----
   DATA SIZE        =   ----    ----
   IDATA SIZE       =   ----    ----
   BIT SIZE         =   ----    ----
END OF MODULE INFORMATION.


C51 COMPILATION COMPLETE.  0 WARNING(S),  0 ERROR(S)
