C51 COMPILER V9.60.7.0   KEY                                                               02/04/2023 10:36:45 PAGE 1   


C51 COMPILER V9.60.7.0, COMPILATION OF MODULE KEY
OBJECT MODULE PLACED IN .\Objects\key.obj
COMPILER INVOKED BY: Z:\buyaobilian\keil_v5\C51\BIN\C51.EXE key.c OPTIMIZE(8,SPEED) BROWSE DEBUG OBJECTEXTEND PRINT(.\Li
                    -stings\key.lst) TABS(2) OBJECT(.\Objects\key.obj)

line level    source

   1          #include <REGX52.H>
   2          #include <Delay.h>
   3          
   4          unsigned char KEY_keynum;
   5          
   6          
   7          unsigned char key()
   8          {
   9   1        unsigned char temp = 0;
  10   1        temp = KEY_keynum;
  11   1        KEY_keynum = 0;
  12   1        return temp;
  13   1      }
  14          
  15          unsigned char key_GetState()
  16          {
  17   1        unsigned char keynum = 0;
  18   1        
  19   1        if (P3_1 == 0) {keynum = 1;}
  20   1        if (P3_0 == 0) {keynum = 2;}
  21   1        if (P3_2 == 0) {keynum = 3;}
  22   1        if (P3_3 == 0) {keynum = 4;}
  23   1         
  24   1        return keynum;
  25   1      }
  26          
  27          void Key_Loop()
  28          {
  29   1        static unsigned char NowState,LastState;
  30   1        LastState = NowState;
  31   1        NowState = key_GetState();
  32   1        if(LastState == 1 && NowState == 0 ){KEY_keynum = 1;}
  33   1        if(LastState == 2 && NowState == 0 ){KEY_keynum = 2;}
  34   1        if(LastState == 3 && NowState == 0 ){KEY_keynum = 3;}
  35   1        if(LastState == 4 && NowState == 0 ){KEY_keynum = 4;}
  36   1      
  37   1      }


MODULE INFORMATION:   STATIC OVERLAYABLE
   CODE SIZE        =     85    ----
   CONSTANT SIZE    =   ----    ----
   XDATA SIZE       =   ----    ----
   PDATA SIZE       =   ----    ----
   DATA SIZE        =      3    ----
   IDATA SIZE       =   ----    ----
   BIT SIZE         =   ----    ----
END OF MODULE INFORMATION.


C51 COMPILATION COMPLETE.  0 WARNING(S),  0 ERROR(S)
