C51 COMPILER V9.60.7.0   MAIN_TIME                                                         02/04/2023 11:20:37 PAGE 1   


C51 COMPILER V9.60.7.0, COMPILATION OF MODULE MAIN_TIME
OBJECT MODULE PLACED IN .\Objects\main_time.obj
COMPILER INVOKED BY: Z:\buyaobilian\keil_v5\C51\BIN\C51.EXE main_time.c OPTIMIZE(8,SPEED) BROWSE DEBUG OBJECTEXTEND PRIN
                    -T(.\Listings\main_time.lst) TABS(2) OBJECT(.\Objects\main_time.obj)

line level    source

   1          #include <REGX52.H>
   2          #include "Delay.h"
   3          #include "key.h"
   4          #include "Timer0.h"
   5          #include "NixieTube.h"
   6          
   7          unsigned char temp,keynum;
   8          void Timer0_Rountine()  interrupt 1 //中断子程序
   9          {
  10   1        static unsigned int T0Count1,T0Count2;
  11   1        TL0 = 0x66;       //设置定时初始值
  12   1        TH0 = 0xFC;       //设置定时初始值
  13   1        T0Count1++;
  14   1        if(T0Count1 >= 20)
  15   1        {
  16   2          T0Count1 = 0;
  17   2          Key_Loop();
  18   2        }
  19   1        T0Count2++;
  20   1        if(T0Count2 >= 2)
  21   1        {
  22   2          T0Count2 = 0;
  23   2          Nixie_Loop();
  24   2        }
  25   1      } 
  26          
  27          void main()
  28          {
  29   1        Timer0Init();
  30   1        while(1)
  31   1        {
  32   2          keynum = key();
  33   2          if(keynum){
  34   3            Nixie_SetBuffer[1,keynum];
*** ERROR C216 IN LINE 34 OF main_time.c: subscript on non-array or too many dimensions
  35   3            Nixie_SetBuffer[2,keynum];
  36   3            Nixie_SetBuffer[3,keynum];
  37   3          }
  38   2          /* 
  39   2          if(keynum){
  40   2            temp = key();
  41   2          }
  42   2          Nixie_Scan(1,temp); */
  43   2        }
  44   1      }

C51 COMPILATION COMPLETE.  0 WARNING(S),  1 ERROR(S)
