C51 COMPILER V9.60.7.0   NIXIETUBE                                                         02/04/2023 11:13:10 PAGE 1   


C51 COMPILER V9.60.7.0, COMPILATION OF MODULE NIXIETUBE
OBJECT MODULE PLACED IN .\Objects\NixieTube.obj
COMPILER INVOKED BY: Z:\buyaobilian\keil_v5\C51\BIN\C51.EXE NixieTube.c OPTIMIZE(8,SPEED) BROWSE DEBUG OBJECTEXTEND PRIN
                    -T(.\Listings\NixieTube.lst) TABS(2) OBJECT(.\Objects\NixieTube.obj)

line level    source

   1          #include <REGX52.H>
   2          #include "Delay.h"
   3          
   4          unsigned char NixieBuffer[9] = {0,10,10,10,10,10,10,10,10};
   5          
   6          unsigned char NumberTable[] = {0x3F,0x06,0x5B,0x4F,0x66,0x6D,0x7D,
   7            0x07,0x7F,0x6F,0x00}; 
   8            
   9          void Nixie_SetBuffer(unsigned char Location, unsigned char Number)
  10          {
  11   1        NixieBuffer[Location] = Number;
  12   1      }
  13          
  14          void Nixie_Scan(unsigned char Location ,unsigned char number)
  15          {
  16   1        P0 = 0x00;
  17   1        switch(Location)
  18   1        {
  19   2          case 1: P2_4 = 1;P2_3 = 1;P2_2 = 1;break;
  20   2          case 2: P2_4 = 1;P2_3 = 1;P2_2 = 0;break;
  21   2          case 3: P2_4 = 1;P2_3 = 0;P2_2 = 1;break;
  22   2          case 4: P2_4 = 1;P2_3 = 0;P2_2 = 0;break;
  23   2          case 5: P2_4 = 0;P2_3 = 1;P2_2 = 1;break;
  24   2          case 6: P2_4 = 0;P2_3 = 1;P2_2 = 0;break;
  25   2          case 7: P2_4 = 0;P2_3 = 0;P2_2 = 1;break;
  26   2          case 8: P2_4 = 0;P2_3 = 0;P2_2 = 0;break;
  27   2        }
  28   1        
  29   1        P0 = NumberTable[number];
  30   1        
  31   1      }
  32          
  33          void Nixie_Loop()
  34          {
  35   1        static unsigned char i = 1;
  36   1        Nixie_Scan(i, NixieBuffer[i++]);
  37   1        if (i >= 9)
  38   1          i = 1;
  39   1      }


MODULE INFORMATION:   STATIC OVERLAYABLE
   CODE SIZE        =    135    ----
   CONSTANT SIZE    =   ----    ----
   XDATA SIZE       =   ----    ----
   PDATA SIZE       =   ----    ----
   DATA SIZE        =     21    ----
   IDATA SIZE       =   ----    ----
   BIT SIZE         =   ----    ----
END OF MODULE INFORMATION.


C51 COMPILATION COMPLETE.  0 WARNING(S),  0 ERROR(S)
