C51 COMPILER V9.60.7.0   TIMER0                                                            02/02/2023 11:41:12 PAGE 1   


C51 COMPILER V9.60.7.0, COMPILATION OF MODULE TIMER0
OBJECT MODULE PLACED IN .\Objects\Timer0.obj
COMPILER INVOKED BY: Z:\buyaobilian\keil_v5\C51\BIN\C51.EXE Timer0.c OPTIMIZE(8,SPEED) BROWSE DEBUG OBJECTEXTEND PRINT(.
                    -\Listings\Timer0.lst) TABS(2) OBJECT(.\Objects\Timer0.obj)

line level    source

   1          #include <REGX52.H>
   2          /*
   3            *  @brief   定时器0初始化
   4            *  @param   无
   5            *  @retva   无
   6            */
   7          void Timer0Init()   //1毫秒@11.0592MMHz
   8          {
   9   1      //  AUXR &= 0x7F;     //定时器时钟12T模式
  10   1        TMOD &= 0xF0;     //设置定时器模式
  11   1        TMOD |= 0x01;     //设置定时器模式
  12   1        TL0 = 0x66;       //设置定时初始值
  13   1        TH0 = 0xFC;       //设置定时初始值
  14   1        TF0 = 0;        //清除TF0标志
  15   1        TR0 = 1;        //定时器0开始计时
  16   1        
  17   1        ET0 = 1;
  18   1        EA = 1;
  19   1        PT0 = 0;
  20   1      }
  21          
  22          /* 中断函数模板
  23          void Timer0_Rountine()  interrupt 1 //中断子程序
  24          {
  25            static unsigned int T0Count;
  26            TL0 = 0x66;       //设置定时初始值
  27            TH0 = 0xFC;       //设置定时初始值
  28            T0Count++;
  29            if(T0Count >= 1000)
  30            {
  31              T0Count = 0;
  32            }
  33          } */


MODULE INFORMATION:   STATIC OVERLAYABLE
   CODE SIZE        =     23    ----
   CONSTANT SIZE    =   ----    ----
   XDATA SIZE       =   ----    ----
   PDATA SIZE       =   ----    ----
   DATA SIZE        =   ----    ----
   IDATA SIZE       =   ----    ----
   BIT SIZE         =   ----    ----
END OF MODULE INFORMATION.


C51 COMPILATION COMPLETE.  0 WARNING(S),  0 ERROR(S)
