C51 COMPILER V9.60.7.0   MUSIC_MAIN                                                        01/29/2023 11:16:19 PAGE 1   


C51 COMPILER V9.60.7.0, COMPILATION OF MODULE MUSIC_MAIN
OBJECT MODULE PLACED IN .\Objects\music_main.obj
COMPILER INVOKED BY: Z:\buyaobilian\keil_v5\C51\BIN\C51.EXE music_main.c OPTIMIZE(8,SPEED) BROWSE DEBUG OBJECTEXTEND PRI
                    -NT(.\Listings\music_main.lst) TABS(2) OBJECT(.\Objects\music_main.obj)

line level    source

   1          #include <REGX52.H>
   2          #include "Delay.h"
   3          #include "Timer0.h" 
   4          #define SPEED 500
   5          
   6          sbit Buzzer = P2 ^ 5;
   7          
   8          unsigned int  FreqTable[] = {63628, 63731, 63835, 63928, 64021, 64103, 64185, 64260, 64331, 64400, 64463, 
             -64528,
   9                           64580, 64633, 64684, 64732, 64777, 64820, 64860, 64898, 64934, 64968, 65000, 65030,
  10                           65058, 65085, 65110, 65134, 65157, 65178, 65198, 65217, 65235, 65252, 65268, 65283,
  11                           0};
  12          
  13          unsigned char SheetMusic[][14] = {{12, 12, 19, 19, 21, 21, 19, 17, 17, 16, 16, 14, 14, 12},
  14                              {4, 4, 4, 4, 4, 4, 4, 8, 4, 4, 4, 4, 4, 8}};
  15          
  16          unsigned char FreqSelsect, Sheet_Select, time_Select;
  17          
  18          void Timer0_Rountine() interrupt 1 // 中断子程序
  19          {
  20   1        TL0 = FreqTable[FreqSelsect] % 256; // 设置定时初始值
  21   1        TH0 = FreqTable[FreqSelsect] / 256; // 设置定时初始值
  22   1        Buzzer = !Buzzer;
  23   1      }
  24          
  25          void main()
  26          {
  27   1        Timer0Init();
  28   1        while (1)
  29   1        {
  30   2          FreqSelsect = SheetMusic[0][Sheet_Select];
  31   2          Sheet_Select++;
  32   2          Delay(3);
  33   2      //    Delay(SPEED / 4 * SheetMusic[1][time_Select++]);
  34   2          TR0 = 0;//抬手
  35   2          Delay(3);
  36   2          TR0 = 1; 
  37   2        }
  38   1      }


MODULE INFORMATION:   STATIC OVERLAYABLE
   CODE SIZE        =     71    ----
   CONSTANT SIZE    =   ----    ----
   XDATA SIZE       =   ----    ----
   PDATA SIZE       =   ----    ----
   DATA SIZE        =    105    ----
   IDATA SIZE       =   ----    ----
   BIT SIZE         =   ----    ----
END OF MODULE INFORMATION.


C51 COMPILATION COMPLETE.  0 WARNING(S),  0 ERROR(S)
